<?xml version="1.0" encoding="UTF-8"?>
<!-- Generated by org.testng.reporters.JUnitReportReporter -->
<testsuite skipped="0" hostname="MUKESH-KARNATI" name="redbus.Redbus" tests="1" failures="0" timestamp="2020-02-18T23:13:16 IST" time="0.169" errors="0">
  <testcase name="login" time="0.169" classname="redbus.Redbus"/>
</testsuite> <!-- redbus.Redbus -->
