<?xml version="1.0" encoding="UTF-8"?>
<!-- Generated by org.testng.reporters.JUnitReportReporter -->
<testsuite skipped="0" hostname="MUKESH-KARNATI" name="spicejet.Spicejet" tests="1" failures="0" timestamp="2020-02-25T16:07:55 IST" time="10.710" errors="0">
  <testcase name="book" time="10.710" classname="spicejet.Spicejet"/>
</testsuite> <!-- spicejet.Spicejet -->
