<?xml version="1.0" encoding="UTF-8"?>
<!-- Generated by org.testng.reporters.JUnitReportReporter -->
<testsuite skipped="0" hostname="MUKESH-KARNATI" name="ajaxcontrol.Google" tests="1" failures="0" timestamp="2020-02-21T19:32:07 IST" time="0.131" errors="0">
  <testcase name="ajax" time="0.131" classname="ajaxcontrol.Google"/>
</testsuite> <!-- ajaxcontrol.Google -->
