<?xml version="1.0" encoding="UTF-8"?>
<!-- Generated by org.testng.reporters.JUnitReportReporter -->
<testsuite skipped="0" hostname="MUKESH-KARNATI" name="savari.Savari" tests="1" failures="0" timestamp="2020-02-25T16:09:59 IST" time="0.158" errors="0">
  <testcase name="trip" time="0.158" classname="savari.Savari"/>
</testsuite> <!-- savari.Savari -->
